This is pdfTeX, Version 3.141592653-2.6-1.40.24 (TeX Live 2022/nixos.org) (preloaded format=pdflatex 1980.1.1)  14 JUN 2023 07:17
entering extended mode
 restricted \write18 enabled.
 %&-line parsing enabled.
**prova1.tex
(./prova1.tex
LaTeX2e <2022-11-01> patch level 1
L3 programming layer <2023-02-22>
(/nix/store/03k8sid2h9qzpa0ywqxjqgxa31bp6plr-texlive-combined-full-2022-final-t
exmfdist/tex/latex/base/report.cls
Document Class: report 2022/07/02 v1.4n Standard LaTeX document class

(/nix/store/03k8sid2h9qzpa0ywqxjqgxa31bp6plr-texlive-combined-full-2022-final-t
exmfdist/tex/latex/base/size10.clo
File: size10.clo 2022/07/02 v1.4n Standard LaTeX file (size option)
)
\c@part=\count185
\c@chapter=\count186
\c@section=\count187
\c@subsection=\count188
\c@subsubsection=\count189
\c@paragraph=\count190
\c@subparagraph=\count191
\c@figure=\count192
\c@table=\count193
\abovecaptionskip=\skip48
\belowcaptionskip=\skip49
\bibindent=\dimen140
)
(/nix/store/03k8sid2h9qzpa0ywqxjqgxa31bp6plr-texlive-combined-full-2022-final-t
exmfdist/tex/generic/babel/babel.sty
Package: babel 2023/02/13 3.86 The Babel package
\babel@savecnt=\count194
\U@D=\dimen141
\l@unhyphenated=\language87

(/nix/store/03k8sid2h9qzpa0ywqxjqgxa31bp6plr-texlive-combined-full-2022-final-t
exmfdist/tex/generic/babel/txtbabel.def)
\bbl@readstream=\read2
\bbl@dirlevel=\count195

(/nix/store/03k8sid2h9qzpa0ywqxjqgxa31bp6plr-texlive-combined-full-2022-final-t
exmfdist/tex/generic/babel-portuges/brazilian.ldf
Language: portuges 2021/07/09 v1.2t Portuguese support from the babel system
Package babel Info: Hyphen rules for 'brazilian' set to \l@portuguese
(babel)             (\language70). Reported on input line 111.
Package babel Info: Making " an active character on input line 143.
))
(/nix/store/03k8sid2h9qzpa0ywqxjqgxa31bp6plr-texlive-combined-full-2022-final-t
exmfdist/tex/generic/babel/locale/pt/babel-brazilian.tex
Package babel Info: Importing font and identification data for brazilian
(babel)             from babel-pt-BR.ini. Reported on input line 11.
)
(/nix/store/03k8sid2h9qzpa0ywqxjqgxa31bp6plr-texlive-combined-full-2022-final-t
exmfdist/tex/latex/base/inputenc.sty
Package: inputenc 2021/02/14 v1.3d Input encoding file
\inpenc@prehook=\toks16
\inpenc@posthook=\toks17
)
(/nix/store/03k8sid2h9qzpa0ywqxjqgxa31bp6plr-texlive-combined-full-2022-final-t
exmfdist/tex/latex/base/fontenc.sty
Package: fontenc 2021/04/29 v2.0v Standard LaTeX package
)
(/nix/store/03k8sid2h9qzpa0ywqxjqgxa31bp6plr-texlive-combined-full-2022-final-t
exmfdist/tex/latex/booktabs/booktabs.sty
Package: booktabs 2020/01/12 v1.61803398 Publication quality tables
\heavyrulewidth=\dimen142
\lightrulewidth=\dimen143
\cmidrulewidth=\dimen144
\belowrulesep=\dimen145
\belowbottomsep=\dimen146
\aboverulesep=\dimen147
\abovetopsep=\dimen148
\cmidrulesep=\dimen149
\cmidrulekern=\dimen150
\defaultaddspace=\dimen151
\@cmidla=\count196
\@cmidlb=\count197
\@aboverulesep=\dimen152
\@belowrulesep=\dimen153
\@thisruleclass=\count198
\@lastruleclass=\count199
\@thisrulewidth=\dimen154
)
(/nix/store/03k8sid2h9qzpa0ywqxjqgxa31bp6plr-texlive-combined-full-2022-final-t
exmfdist/tex/latex/graphics/graphicx.sty
Package: graphicx 2021/09/16 v1.2d Enhanced LaTeX Graphics (DPC,SPQR)

(/nix/store/03k8sid2h9qzpa0ywqxjqgxa31bp6plr-texlive-combined-full-2022-final-t
exmfdist/tex/latex/graphics/keyval.sty
Package: keyval 2022/05/29 v1.15 key=value parser (DPC)
\KV@toks@=\toks18
)
(/nix/store/03k8sid2h9qzpa0ywqxjqgxa31bp6plr-texlive-combined-full-2022-final-t
exmfdist/tex/latex/graphics/graphics.sty
Package: graphics 2022/03/10 v1.4e Standard LaTeX Graphics (DPC,SPQR)

(/nix/store/03k8sid2h9qzpa0ywqxjqgxa31bp6plr-texlive-combined-full-2022-final-t
exmfdist/tex/latex/graphics/trig.sty
Package: trig 2021/08/11 v1.11 sin cos tan (DPC)
)
(/nix/store/03k8sid2h9qzpa0ywqxjqgxa31bp6plr-texlive-combined-full-2022-final-t
exmfdist/tex/latex/graphics-cfg/graphics.cfg
File: graphics.cfg 2016/06/04 v1.11 sample graphics configuration
)
Package graphics Info: Driver file: pdftex.def on input line 107.

(/nix/store/03k8sid2h9qzpa0ywqxjqgxa31bp6plr-texlive-combined-full-2022-final-t
exmfdist/tex/latex/graphics-def/pdftex.def
File: pdftex.def 2022/09/22 v1.2b Graphics/color driver for pdftex
))
\Gin@req@height=\dimen155
\Gin@req@width=\dimen156
)
(/nix/store/03k8sid2h9qzpa0ywqxjqgxa31bp6plr-texlive-combined-full-2022-final-t
exmfdist/tex/latex/hyperref/hyperref.sty
Package: hyperref 2023-02-07 v7.00v Hypertext links for LaTeX

(/nix/store/03k8sid2h9qzpa0ywqxjqgxa31bp6plr-texlive-combined-full-2022-final-t
exmfdist/tex/generic/ltxcmds/ltxcmds.sty
Package: ltxcmds 2020-05-10 v1.25 LaTeX kernel commands for general use (HO)
)
(/nix/store/03k8sid2h9qzpa0ywqxjqgxa31bp6plr-texlive-combined-full-2022-final-t
exmfdist/tex/generic/iftex/iftex.sty
Package: iftex 2022/02/03 v1.0f TeX engine tests
)
(/nix/store/03k8sid2h9qzpa0ywqxjqgxa31bp6plr-texlive-combined-full-2022-final-t
exmfdist/tex/generic/pdftexcmds/pdftexcmds.sty
Package: pdftexcmds 2020-06-27 v0.33 Utility functions of pdfTeX for LuaTeX (HO
)

(/nix/store/03k8sid2h9qzpa0ywqxjqgxa31bp6plr-texlive-combined-full-2022-final-t
exmfdist/tex/generic/infwarerr/infwarerr.sty
Package: infwarerr 2019/12/03 v1.5 Providing info/warning/error messages (HO)
)
Package pdftexcmds Info: \pdf@primitive is available.
Package pdftexcmds Info: \pdf@ifprimitive is available.
Package pdftexcmds Info: \pdfdraftmode found.
)
(/nix/store/03k8sid2h9qzpa0ywqxjqgxa31bp6plr-texlive-combined-full-2022-final-t
exmfdist/tex/latex/kvsetkeys/kvsetkeys.sty
Package: kvsetkeys 2022-10-05 v1.19 Key value parser (HO)
)
(/nix/store/03k8sid2h9qzpa0ywqxjqgxa31bp6plr-texlive-combined-full-2022-final-t
exmfdist/tex/generic/kvdefinekeys/kvdefinekeys.sty
Package: kvdefinekeys 2019-12-19 v1.6 Define keys (HO)
)
(/nix/store/03k8sid2h9qzpa0ywqxjqgxa31bp6plr-texlive-combined-full-2022-final-t
exmfdist/tex/generic/pdfescape/pdfescape.sty
Package: pdfescape 2019/12/09 v1.15 Implements pdfTeX's escape features (HO)
)
(/nix/store/03k8sid2h9qzpa0ywqxjqgxa31bp6plr-texlive-combined-full-2022-final-t
exmfdist/tex/latex/hycolor/hycolor.sty
Package: hycolor 2020-01-27 v1.10 Color options for hyperref/bookmark (HO)
)
(/nix/store/03k8sid2h9qzpa0ywqxjqgxa31bp6plr-texlive-combined-full-2022-final-t
exmfdist/tex/latex/letltxmacro/letltxmacro.sty
Package: letltxmacro 2019/12/03 v1.6 Let assignment for LaTeX macros (HO)
)
(/nix/store/03k8sid2h9qzpa0ywqxjqgxa31bp6plr-texlive-combined-full-2022-final-t
exmfdist/tex/latex/auxhook/auxhook.sty
Package: auxhook 2019-12-17 v1.6 Hooks for auxiliary files (HO)
)
(/nix/store/03k8sid2h9qzpa0ywqxjqgxa31bp6plr-texlive-combined-full-2022-final-t
exmfdist/tex/latex/hyperref/nameref.sty
Package: nameref 2022-05-17 v2.50 Cross-referencing by name of section

(/nix/store/03k8sid2h9qzpa0ywqxjqgxa31bp6plr-texlive-combined-full-2022-final-t
exmfdist/tex/latex/refcount/refcount.sty
Package: refcount 2019/12/15 v3.6 Data extraction from label references (HO)
)
(/nix/store/03k8sid2h9qzpa0ywqxjqgxa31bp6plr-texlive-combined-full-2022-final-t
exmfdist/tex/generic/gettitlestring/gettitlestring.sty
Package: gettitlestring 2019/12/15 v1.6 Cleanup title references (HO)

(/nix/store/03k8sid2h9qzpa0ywqxjqgxa31bp6plr-texlive-combined-full-2022-final-t
exmfdist/tex/latex/kvoptions/kvoptions.sty
Package: kvoptions 2022-06-15 v3.15 Key value format for package options (HO)
))
\c@section@level=\count266
)
\@linkdim=\dimen157
\Hy@linkcounter=\count267
\Hy@pagecounter=\count268

(/nix/store/03k8sid2h9qzpa0ywqxjqgxa31bp6plr-texlive-combined-full-2022-final-t
exmfdist/tex/latex/hyperref/pd1enc.def
File: pd1enc.def 2023-02-07 v7.00v Hyperref: PDFDocEncoding definition (HO)
Now handling font encoding PD1 ...
... no UTF-8 mapping file for font encoding PD1
)
(/nix/store/03k8sid2h9qzpa0ywqxjqgxa31bp6plr-texlive-combined-full-2022-final-t
exmfdist/tex/generic/intcalc/intcalc.sty
Package: intcalc 2019/12/15 v1.3 Expandable calculations with integers (HO)
)
(/nix/store/03k8sid2h9qzpa0ywqxjqgxa31bp6plr-texlive-combined-full-2022-final-t
exmfdist/tex/generic/etexcmds/etexcmds.sty
Package: etexcmds 2019/12/15 v1.7 Avoid name clashes with e-TeX commands (HO)
)
\Hy@SavedSpaceFactor=\count269

(/nix/store/03k8sid2h9qzpa0ywqxjqgxa31bp6plr-texlive-combined-full-2022-final-t
exmfdist/tex/latex/hyperref/puenc.def
File: puenc.def 2023-02-07 v7.00v Hyperref: PDF Unicode definition (HO)
Now handling font encoding PU ...
... no UTF-8 mapping file for font encoding PU
)
Package hyperref Info: Hyper figures OFF on input line 4177.
Package hyperref Info: Link nesting OFF on input line 4182.
Package hyperref Info: Hyper index ON on input line 4185.
Package hyperref Info: Plain pages OFF on input line 4192.
Package hyperref Info: Backreferencing OFF on input line 4197.
Package hyperref Info: Implicit mode ON; LaTeX internals redefined.
Package hyperref Info: Bookmarks ON on input line 4425.
\c@Hy@tempcnt=\count270

(/nix/store/03k8sid2h9qzpa0ywqxjqgxa31bp6plr-texlive-combined-full-2022-final-t
exmfdist/tex/latex/url/url.sty
\Urlmuskip=\muskip16
Package: url 2013/09/16  ver 3.4  Verb mode for urls, etc.
)
LaTeX Info: Redefining \url on input line 4763.
\XeTeXLinkMargin=\dimen158

(/nix/store/03k8sid2h9qzpa0ywqxjqgxa31bp6plr-texlive-combined-full-2022-final-t
exmfdist/tex/generic/bitset/bitset.sty
Package: bitset 2019/12/09 v1.3 Handle bit-vector datatype (HO)

(/nix/store/03k8sid2h9qzpa0ywqxjqgxa31bp6plr-texlive-combined-full-2022-final-t
exmfdist/tex/generic/bigintcalc/bigintcalc.sty
Package: bigintcalc 2019/12/15 v1.5 Expandable calculations on big integers (HO
)
))
\Fld@menulength=\count271
\Field@Width=\dimen159
\Fld@charsize=\dimen160
Package hyperref Info: Hyper figures OFF on input line 6042.
Package hyperref Info: Link nesting OFF on input line 6047.
Package hyperref Info: Hyper index ON on input line 6050.
Package hyperref Info: backreferencing OFF on input line 6057.
Package hyperref Info: Link coloring OFF on input line 6062.
Package hyperref Info: Link coloring with OCG OFF on input line 6067.
Package hyperref Info: PDF/A mode OFF on input line 6072.

(/nix/store/03k8sid2h9qzpa0ywqxjqgxa31bp6plr-texlive-combined-full-2022-final-t
exmfdist/tex/latex/base/atbegshi-ltx.sty
Package: atbegshi-ltx 2021/01/10 v1.0c Emulation of the original atbegshi
package with kernel methods
)
\Hy@abspage=\count272
\c@Item=\count273
\c@Hfootnote=\count274
)
Package hyperref Info: Driver (autodetected): hpdftex.

(/nix/store/03k8sid2h9qzpa0ywqxjqgxa31bp6plr-texlive-combined-full-2022-final-t
exmfdist/tex/latex/hyperref/hpdftex.def
File: hpdftex.def 2023-02-07 v7.00v Hyperref driver for pdfTeX

(/nix/store/03k8sid2h9qzpa0ywqxjqgxa31bp6plr-texlive-combined-full-2022-final-t
exmfdist/tex/latex/base/atveryend-ltx.sty
Package: atveryend-ltx 2020/08/19 v1.0a Emulation of the original atveryend pac
kage
with kernel methods
)
\Fld@listcount=\count275
\c@bookmark@seq@number=\count276

(/nix/store/03k8sid2h9qzpa0ywqxjqgxa31bp6plr-texlive-combined-full-2022-final-t
exmfdist/tex/latex/rerunfilecheck/rerunfilecheck.sty
Package: rerunfilecheck 2022-07-10 v1.10 Rerun checks for auxiliary files (HO)

(/nix/store/03k8sid2h9qzpa0ywqxjqgxa31bp6plr-texlive-combined-full-2022-final-t
exmfdist/tex/generic/uniquecounter/uniquecounter.sty
Package: uniquecounter 2019/12/15 v1.4 Provide unlimited unique counter (HO)
)
Package uniquecounter Info: New unique counter `rerunfilecheck' on input line 2
85.
)
\Hy@SectionHShift=\skip50
)
(/nix/store/03k8sid2h9qzpa0ywqxjqgxa31bp6plr-texlive-combined-full-2022-final-t
exmfdist/tex/latex/float/float.sty
Package: float 2001/11/08 v1.3d Float enhancements (AL)
\c@float@type=\count277
\float@exts=\toks19
\float@box=\box51
\@float@everytoks=\toks20
\@floatcapt=\box52
)
(/nix/store/03k8sid2h9qzpa0ywqxjqgxa31bp6plr-texlive-combined-full-2022-final-t
exmfdist/tex/latex/lkproof/proof.sty
\inferLineSkip=\dimen161
\inferLabelSkip=\dimen162
\@LeftOffset=\dimen163
\@RightOffset=\dimen164
\@SavedLeftOffset=\dimen165
\UpperWidth=\dimen166
\LowerWidth=\dimen167
\LowerHeight=\dimen168
\UpperLeftOffset=\dimen169
\UpperRightOffset=\dimen170
\UpperCenter=\dimen171
\LowerCenter=\dimen172
\UpperAdjust=\dimen173
\RuleAdjust=\dimen174
\LowerAdjust=\dimen175
\RuleWidth=\dimen176
\HLabelAdjust=\dimen177
\VLabelAdjust=\dimen178
\WidthAdjust=\dimen179
\@UpperPart=\box53
\@LowerPart=\box54
\@LabelPart=\box55
\ResultBox=\box56
)
(/nix/store/03k8sid2h9qzpa0ywqxjqgxa31bp6plr-texlive-combined-full-2022-final-t
exmfdist/tex/latex/pgf/frontendlayer/tikz.sty
(/nix/store/03k8sid2h9qzpa0ywqxjqgxa31bp6plr-texlive-combined-full-2022-final-t
exmfdist/tex/latex/pgf/basiclayer/pgf.sty
(/nix/store/03k8sid2h9qzpa0ywqxjqgxa31bp6plr-texlive-combined-full-2022-final-t
exmfdist/tex/latex/pgf/utilities/pgfrcs.sty
(/nix/store/03k8sid2h9qzpa0ywqxjqgxa31bp6plr-texlive-combined-full-2022-final-t
exmfdist/tex/generic/pgf/utilities/pgfutil-common.tex
\pgfutil@everybye=\toks21
\pgfutil@tempdima=\dimen180
\pgfutil@tempdimb=\dimen181
)
(/nix/store/03k8sid2h9qzpa0ywqxjqgxa31bp6plr-texlive-combined-full-2022-final-t
exmfdist/tex/generic/pgf/utilities/pgfutil-latex.def
\pgfutil@abb=\box57
)
(/nix/store/03k8sid2h9qzpa0ywqxjqgxa31bp6plr-texlive-combined-full-2022-final-t
exmfdist/tex/generic/pgf/utilities/pgfrcs.code.tex
(/nix/store/03k8sid2h9qzpa0ywqxjqgxa31bp6plr-texlive-combined-full-2022-final-t
exmfdist/tex/generic/pgf/pgf.revision.tex)
Package: pgfrcs 2023-01-15 v3.1.10 (3.1.10)
))
Package: pgf 2023-01-15 v3.1.10 (3.1.10)

(/nix/store/03k8sid2h9qzpa0ywqxjqgxa31bp6plr-texlive-combined-full-2022-final-t
exmfdist/tex/latex/pgf/basiclayer/pgfcore.sty
(/nix/store/03k8sid2h9qzpa0ywqxjqgxa31bp6plr-texlive-combined-full-2022-final-t
exmfdist/tex/latex/pgf/systemlayer/pgfsys.sty
(/nix/store/03k8sid2h9qzpa0ywqxjqgxa31bp6plr-texlive-combined-full-2022-final-t
exmfdist/tex/generic/pgf/systemlayer/pgfsys.code.tex
Package: pgfsys 2023-01-15 v3.1.10 (3.1.10)

(/nix/store/03k8sid2h9qzpa0ywqxjqgxa31bp6plr-texlive-combined-full-2022-final-t
exmfdist/tex/generic/pgf/utilities/pgfkeys.code.tex
\pgfkeys@pathtoks=\toks22
\pgfkeys@temptoks=\toks23

(/nix/store/03k8sid2h9qzpa0ywqxjqgxa31bp6plr-texlive-combined-full-2022-final-t
exmfdist/tex/generic/pgf/utilities/pgfkeyslibraryfiltered.code.tex
\pgfkeys@tmptoks=\toks24
))
\pgf@x=\dimen182
\pgf@y=\dimen183
\pgf@xa=\dimen184
\pgf@ya=\dimen185
\pgf@xb=\dimen186
\pgf@yb=\dimen187
\pgf@xc=\dimen188
\pgf@yc=\dimen189
\pgf@xd=\dimen190
\pgf@yd=\dimen191
\w@pgf@writea=\write3
\r@pgf@reada=\read3
\c@pgf@counta=\count278
\c@pgf@countb=\count279
\c@pgf@countc=\count280
\c@pgf@countd=\count281
\t@pgf@toka=\toks25
\t@pgf@tokb=\toks26
\t@pgf@tokc=\toks27
\pgf@sys@id@count=\count282

(/nix/store/03k8sid2h9qzpa0ywqxjqgxa31bp6plr-texlive-combined-full-2022-final-t
exmfdist/tex/generic/pgf/systemlayer/pgf.cfg
File: pgf.cfg 2023-01-15 v3.1.10 (3.1.10)
)
Driver file for pgf: pgfsys-pdftex.def

(/nix/store/03k8sid2h9qzpa0ywqxjqgxa31bp6plr-texlive-combined-full-2022-final-t
exmfdist/tex/generic/pgf/systemlayer/pgfsys-pdftex.def
File: pgfsys-pdftex.def 2023-01-15 v3.1.10 (3.1.10)

(/nix/store/03k8sid2h9qzpa0ywqxjqgxa31bp6plr-texlive-combined-full-2022-final-t
exmfdist/tex/generic/pgf/systemlayer/pgfsys-common-pdf.def
File: pgfsys-common-pdf.def 2023-01-15 v3.1.10 (3.1.10)
)))
(/nix/store/03k8sid2h9qzpa0ywqxjqgxa31bp6plr-texlive-combined-full-2022-final-t
exmfdist/tex/generic/pgf/systemlayer/pgfsyssoftpath.code.tex
File: pgfsyssoftpath.code.tex 2023-01-15 v3.1.10 (3.1.10)
\pgfsyssoftpath@smallbuffer@items=\count283
\pgfsyssoftpath@bigbuffer@items=\count284
)
(/nix/store/03k8sid2h9qzpa0ywqxjqgxa31bp6plr-texlive-combined-full-2022-final-t
exmfdist/tex/generic/pgf/systemlayer/pgfsysprotocol.code.tex
File: pgfsysprotocol.code.tex 2023-01-15 v3.1.10 (3.1.10)
))
(/nix/store/03k8sid2h9qzpa0ywqxjqgxa31bp6plr-texlive-combined-full-2022-final-t
exmfdist/tex/latex/xcolor/xcolor.sty
Package: xcolor 2022/06/12 v2.14 LaTeX color extensions (UK)

(/nix/store/03k8sid2h9qzpa0ywqxjqgxa31bp6plr-texlive-combined-full-2022-final-t
exmfdist/tex/latex/graphics-cfg/color.cfg
File: color.cfg 2016/01/02 v1.6 sample color configuration
)
Package xcolor Info: Driver file: pdftex.def on input line 227.

(/nix/store/03k8sid2h9qzpa0ywqxjqgxa31bp6plr-texlive-combined-full-2022-final-t
exmfdist/tex/latex/graphics/mathcolor.ltx)
Package xcolor Info: Model `cmy' substituted by `cmy0' on input line 1353.
Package xcolor Info: Model `hsb' substituted by `rgb' on input line 1357.
Package xcolor Info: Model `RGB' extended on input line 1369.
Package xcolor Info: Model `HTML' substituted by `rgb' on input line 1371.
Package xcolor Info: Model `Hsb' substituted by `hsb' on input line 1372.
Package xcolor Info: Model `tHsb' substituted by `hsb' on input line 1373.
Package xcolor Info: Model `HSB' substituted by `hsb' on input line 1374.
Package xcolor Info: Model `Gray' substituted by `gray' on input line 1375.
Package xcolor Info: Model `wave' substituted by `hsb' on input line 1376.
)
(/nix/store/03k8sid2h9qzpa0ywqxjqgxa31bp6plr-texlive-combined-full-2022-final-t
exmfdist/tex/generic/pgf/basiclayer/pgfcore.code.tex
Package: pgfcore 2023-01-15 v3.1.10 (3.1.10)

(/nix/store/03k8sid2h9qzpa0ywqxjqgxa31bp6plr-texlive-combined-full-2022-final-t
exmfdist/tex/generic/pgf/math/pgfmath.code.tex
(/nix/store/03k8sid2h9qzpa0ywqxjqgxa31bp6plr-texlive-combined-full-2022-final-t
exmfdist/tex/generic/pgf/math/pgfmathutil.code.tex)
(/nix/store/03k8sid2h9qzpa0ywqxjqgxa31bp6plr-texlive-combined-full-2022-final-t
exmfdist/tex/generic/pgf/math/pgfmathparser.code.tex
\pgfmath@dimen=\dimen192
\pgfmath@count=\count285
\pgfmath@box=\box58
\pgfmath@toks=\toks28
\pgfmath@stack@operand=\toks29
\pgfmath@stack@operation=\toks30
)
(/nix/store/03k8sid2h9qzpa0ywqxjqgxa31bp6plr-texlive-combined-full-2022-final-t
exmfdist/tex/generic/pgf/math/pgfmathfunctions.code.tex)
(/nix/store/03k8sid2h9qzpa0ywqxjqgxa31bp6plr-texlive-combined-full-2022-final-t
exmfdist/tex/generic/pgf/math/pgfmathfunctions.basic.code.tex)
(/nix/store/03k8sid2h9qzpa0ywqxjqgxa31bp6plr-texlive-combined-full-2022-final-t
exmfdist/tex/generic/pgf/math/pgfmathfunctions.trigonometric.code.tex)
(/nix/store/03k8sid2h9qzpa0ywqxjqgxa31bp6plr-texlive-combined-full-2022-final-t
exmfdist/tex/generic/pgf/math/pgfmathfunctions.random.code.tex)
(/nix/store/03k8sid2h9qzpa0ywqxjqgxa31bp6plr-texlive-combined-full-2022-final-t
exmfdist/tex/generic/pgf/math/pgfmathfunctions.comparison.code.tex)
(/nix/store/03k8sid2h9qzpa0ywqxjqgxa31bp6plr-texlive-combined-full-2022-final-t
exmfdist/tex/generic/pgf/math/pgfmathfunctions.base.code.tex)
(/nix/store/03k8sid2h9qzpa0ywqxjqgxa31bp6plr-texlive-combined-full-2022-final-t
exmfdist/tex/generic/pgf/math/pgfmathfunctions.round.code.tex)
(/nix/store/03k8sid2h9qzpa0ywqxjqgxa31bp6plr-texlive-combined-full-2022-final-t
exmfdist/tex/generic/pgf/math/pgfmathfunctions.misc.code.tex)
(/nix/store/03k8sid2h9qzpa0ywqxjqgxa31bp6plr-texlive-combined-full-2022-final-t
exmfdist/tex/generic/pgf/math/pgfmathfunctions.integerarithmetics.code.tex)
(/nix/store/03k8sid2h9qzpa0ywqxjqgxa31bp6plr-texlive-combined-full-2022-final-t
exmfdist/tex/generic/pgf/math/pgfmathcalc.code.tex)
(/nix/store/03k8sid2h9qzpa0ywqxjqgxa31bp6plr-texlive-combined-full-2022-final-t
exmfdist/tex/generic/pgf/math/pgfmathfloat.code.tex
\c@pgfmathroundto@lastzeros=\count286
))
(/nix/store/03k8sid2h9qzpa0ywqxjqgxa31bp6plr-texlive-combined-full-2022-final-t
exmfdist/tex/generic/pgf/math/pgfint.code.tex)
(/nix/store/03k8sid2h9qzpa0ywqxjqgxa31bp6plr-texlive-combined-full-2022-final-t
exmfdist/tex/generic/pgf/basiclayer/pgfcorepoints.code.tex
File: pgfcorepoints.code.tex 2023-01-15 v3.1.10 (3.1.10)
\pgf@picminx=\dimen193
\pgf@picmaxx=\dimen194
\pgf@picminy=\dimen195
\pgf@picmaxy=\dimen196
\pgf@pathminx=\dimen197
\pgf@pathmaxx=\dimen198
\pgf@pathminy=\dimen199
\pgf@pathmaxy=\dimen256
\pgf@xx=\dimen257
\pgf@xy=\dimen258
\pgf@yx=\dimen259
\pgf@yy=\dimen260
\pgf@zx=\dimen261
\pgf@zy=\dimen262
)
(/nix/store/03k8sid2h9qzpa0ywqxjqgxa31bp6plr-texlive-combined-full-2022-final-t
exmfdist/tex/generic/pgf/basiclayer/pgfcorepathconstruct.code.tex
File: pgfcorepathconstruct.code.tex 2023-01-15 v3.1.10 (3.1.10)
\pgf@path@lastx=\dimen263
\pgf@path@lasty=\dimen264
)
(/nix/store/03k8sid2h9qzpa0ywqxjqgxa31bp6plr-texlive-combined-full-2022-final-t
exmfdist/tex/generic/pgf/basiclayer/pgfcorepathusage.code.tex
File: pgfcorepathusage.code.tex 2023-01-15 v3.1.10 (3.1.10)
\pgf@shorten@end@additional=\dimen265
\pgf@shorten@start@additional=\dimen266
)
(/nix/store/03k8sid2h9qzpa0ywqxjqgxa31bp6plr-texlive-combined-full-2022-final-t
exmfdist/tex/generic/pgf/basiclayer/pgfcorescopes.code.tex
File: pgfcorescopes.code.tex 2023-01-15 v3.1.10 (3.1.10)
\pgfpic=\box59
\pgf@hbox=\box60
\pgf@layerbox@main=\box61
\pgf@picture@serial@count=\count287
)
(/nix/store/03k8sid2h9qzpa0ywqxjqgxa31bp6plr-texlive-combined-full-2022-final-t
exmfdist/tex/generic/pgf/basiclayer/pgfcoregraphicstate.code.tex
File: pgfcoregraphicstate.code.tex 2023-01-15 v3.1.10 (3.1.10)
\pgflinewidth=\dimen267
)
(/nix/store/03k8sid2h9qzpa0ywqxjqgxa31bp6plr-texlive-combined-full-2022-final-t
exmfdist/tex/generic/pgf/basiclayer/pgfcoretransformations.code.tex
File: pgfcoretransformations.code.tex 2023-01-15 v3.1.10 (3.1.10)
\pgf@pt@x=\dimen268
\pgf@pt@y=\dimen269
\pgf@pt@temp=\dimen270
)
(/nix/store/03k8sid2h9qzpa0ywqxjqgxa31bp6plr-texlive-combined-full-2022-final-t
exmfdist/tex/generic/pgf/basiclayer/pgfcorequick.code.tex
File: pgfcorequick.code.tex 2023-01-15 v3.1.10 (3.1.10)
)
(/nix/store/03k8sid2h9qzpa0ywqxjqgxa31bp6plr-texlive-combined-full-2022-final-t
exmfdist/tex/generic/pgf/basiclayer/pgfcoreobjects.code.tex
File: pgfcoreobjects.code.tex 2023-01-15 v3.1.10 (3.1.10)
)
(/nix/store/03k8sid2h9qzpa0ywqxjqgxa31bp6plr-texlive-combined-full-2022-final-t
exmfdist/tex/generic/pgf/basiclayer/pgfcorepathprocessing.code.tex
File: pgfcorepathprocessing.code.tex 2023-01-15 v3.1.10 (3.1.10)
)
(/nix/store/03k8sid2h9qzpa0ywqxjqgxa31bp6plr-texlive-combined-full-2022-final-t
exmfdist/tex/generic/pgf/basiclayer/pgfcorearrows.code.tex
File: pgfcorearrows.code.tex 2023-01-15 v3.1.10 (3.1.10)
\pgfarrowsep=\dimen271
)
(/nix/store/03k8sid2h9qzpa0ywqxjqgxa31bp6plr-texlive-combined-full-2022-final-t
exmfdist/tex/generic/pgf/basiclayer/pgfcoreshade.code.tex
File: pgfcoreshade.code.tex 2023-01-15 v3.1.10 (3.1.10)
\pgf@max=\dimen272
\pgf@sys@shading@range@num=\count288
\pgf@shadingcount=\count289
)
(/nix/store/03k8sid2h9qzpa0ywqxjqgxa31bp6plr-texlive-combined-full-2022-final-t
exmfdist/tex/generic/pgf/basiclayer/pgfcoreimage.code.tex
File: pgfcoreimage.code.tex 2023-01-15 v3.1.10 (3.1.10)
)
(/nix/store/03k8sid2h9qzpa0ywqxjqgxa31bp6plr-texlive-combined-full-2022-final-t
exmfdist/tex/generic/pgf/basiclayer/pgfcoreexternal.code.tex
File: pgfcoreexternal.code.tex 2023-01-15 v3.1.10 (3.1.10)
\pgfexternal@startupbox=\box62
)
(/nix/store/03k8sid2h9qzpa0ywqxjqgxa31bp6plr-texlive-combined-full-2022-final-t
exmfdist/tex/generic/pgf/basiclayer/pgfcorelayers.code.tex
File: pgfcorelayers.code.tex 2023-01-15 v3.1.10 (3.1.10)
)
(/nix/store/03k8sid2h9qzpa0ywqxjqgxa31bp6plr-texlive-combined-full-2022-final-t
exmfdist/tex/generic/pgf/basiclayer/pgfcoretransparency.code.tex
File: pgfcoretransparency.code.tex 2023-01-15 v3.1.10 (3.1.10)
)
(/nix/store/03k8sid2h9qzpa0ywqxjqgxa31bp6plr-texlive-combined-full-2022-final-t
exmfdist/tex/generic/pgf/basiclayer/pgfcorepatterns.code.tex
File: pgfcorepatterns.code.tex 2023-01-15 v3.1.10 (3.1.10)
)
(/nix/store/03k8sid2h9qzpa0ywqxjqgxa31bp6plr-texlive-combined-full-2022-final-t
exmfdist/tex/generic/pgf/basiclayer/pgfcorerdf.code.tex
File: pgfcorerdf.code.tex 2023-01-15 v3.1.10 (3.1.10)
)))
(/nix/store/03k8sid2h9qzpa0ywqxjqgxa31bp6plr-texlive-combined-full-2022-final-t
exmfdist/tex/generic/pgf/modules/pgfmoduleshapes.code.tex
File: pgfmoduleshapes.code.tex 2023-01-15 v3.1.10 (3.1.10)
\pgfnodeparttextbox=\box63
)
(/nix/store/03k8sid2h9qzpa0ywqxjqgxa31bp6plr-texlive-combined-full-2022-final-t
exmfdist/tex/generic/pgf/modules/pgfmoduleplot.code.tex
File: pgfmoduleplot.code.tex 2023-01-15 v3.1.10 (3.1.10)
)
(/nix/store/03k8sid2h9qzpa0ywqxjqgxa31bp6plr-texlive-combined-full-2022-final-t
exmfdist/tex/latex/pgf/compatibility/pgfcomp-version-0-65.sty
Package: pgfcomp-version-0-65 2023-01-15 v3.1.10 (3.1.10)
\pgf@nodesepstart=\dimen273
\pgf@nodesepend=\dimen274
)
(/nix/store/03k8sid2h9qzpa0ywqxjqgxa31bp6plr-texlive-combined-full-2022-final-t
exmfdist/tex/latex/pgf/compatibility/pgfcomp-version-1-18.sty
Package: pgfcomp-version-1-18 2023-01-15 v3.1.10 (3.1.10)
))
(/nix/store/03k8sid2h9qzpa0ywqxjqgxa31bp6plr-texlive-combined-full-2022-final-t
exmfdist/tex/latex/pgf/utilities/pgffor.sty
(/nix/store/03k8sid2h9qzpa0ywqxjqgxa31bp6plr-texlive-combined-full-2022-final-t
exmfdist/tex/latex/pgf/utilities/pgfkeys.sty
(/nix/store/03k8sid2h9qzpa0ywqxjqgxa31bp6plr-texlive-combined-full-2022-final-t
exmfdist/tex/generic/pgf/utilities/pgfkeys.code.tex))
(/nix/store/03k8sid2h9qzpa0ywqxjqgxa31bp6plr-texlive-combined-full-2022-final-t
exmfdist/tex/latex/pgf/math/pgfmath.sty
(/nix/store/03k8sid2h9qzpa0ywqxjqgxa31bp6plr-texlive-combined-full-2022-final-t
exmfdist/tex/generic/pgf/math/pgfmath.code.tex))
(/nix/store/03k8sid2h9qzpa0ywqxjqgxa31bp6plr-texlive-combined-full-2022-final-t
exmfdist/tex/generic/pgf/utilities/pgffor.code.tex
Package: pgffor 2023-01-15 v3.1.10 (3.1.10)
\pgffor@iter=\dimen275
\pgffor@skip=\dimen276
\pgffor@stack=\toks31
\pgffor@toks=\toks32
))
(/nix/store/03k8sid2h9qzpa0ywqxjqgxa31bp6plr-texlive-combined-full-2022-final-t
exmfdist/tex/generic/pgf/frontendlayer/tikz/tikz.code.tex
Package: tikz 2023-01-15 v3.1.10 (3.1.10)

(/nix/store/03k8sid2h9qzpa0ywqxjqgxa31bp6plr-texlive-combined-full-2022-final-t
exmfdist/tex/generic/pgf/libraries/pgflibraryplothandlers.code.tex
File: pgflibraryplothandlers.code.tex 2023-01-15 v3.1.10 (3.1.10)
\pgf@plot@mark@count=\count290
\pgfplotmarksize=\dimen277
)
\tikz@lastx=\dimen278
\tikz@lasty=\dimen279
\tikz@lastxsaved=\dimen280
\tikz@lastysaved=\dimen281
\tikz@lastmovetox=\dimen282
\tikz@lastmovetoy=\dimen283
\tikzleveldistance=\dimen284
\tikzsiblingdistance=\dimen285
\tikz@figbox=\box64
\tikz@figbox@bg=\box65
\tikz@tempbox=\box66
\tikz@tempbox@bg=\box67
\tikztreelevel=\count291
\tikznumberofchildren=\count292
\tikznumberofcurrentchild=\count293
\tikz@fig@count=\count294

(/nix/store/03k8sid2h9qzpa0ywqxjqgxa31bp6plr-texlive-combined-full-2022-final-t
exmfdist/tex/generic/pgf/modules/pgfmodulematrix.code.tex
File: pgfmodulematrix.code.tex 2023-01-15 v3.1.10 (3.1.10)
\pgfmatrixcurrentrow=\count295
\pgfmatrixcurrentcolumn=\count296
\pgf@matrix@numberofcolumns=\count297
)
\tikz@expandcount=\count298

(/nix/store/03k8sid2h9qzpa0ywqxjqgxa31bp6plr-texlive-combined-full-2022-final-t
exmfdist/tex/generic/pgf/frontendlayer/tikz/libraries/tikzlibrarytopaths.code.t
ex
File: tikzlibrarytopaths.code.tex 2023-01-15 v3.1.10 (3.1.10)
)))
(/nix/store/03k8sid2h9qzpa0ywqxjqgxa31bp6plr-texlive-combined-full-2022-final-t
exmfdist/tex/latex/amsfonts/amssymb.sty
Package: amssymb 2013/01/14 v3.01 AMS font symbols

(/nix/store/03k8sid2h9qzpa0ywqxjqgxa31bp6plr-texlive-combined-full-2022-final-t
exmfdist/tex/latex/amsfonts/amsfonts.sty
Package: amsfonts 2013/01/14 v3.01 Basic AMSFonts support
\@emptytoks=\toks33
\symAMSa=\mathgroup4
\symAMSb=\mathgroup5
LaTeX Font Info:    Redeclaring math symbol \hbar on input line 98.
LaTeX Font Info:    Overwriting math alphabet `\mathfrak' in version `bold'
(Font)                  U/euf/m/n --> U/euf/b/n on input line 106.
))
(/nix/store/03k8sid2h9qzpa0ywqxjqgxa31bp6plr-texlive-combined-full-2022-final-t
exmfdist/tex/latex/amscls/amsthm.sty
Package: amsthm 2020/05/29 v2.20.6
\thm@style=\toks34
\thm@bodyfont=\toks35
\thm@headfont=\toks36
\thm@notefont=\toks37
\thm@headpunct=\toks38
\thm@preskip=\skip51
\thm@postskip=\skip52
\thm@headsep=\skip53
\dth@everypar=\toks39
)
(/nix/store/03k8sid2h9qzpa0ywqxjqgxa31bp6plr-texlive-combined-full-2022-final-t
exmfdist/tex/latex/stmaryrd/stmaryrd.sty
Package: stmaryrd 1994/03/03 St Mary's Road symbol package
\symstmry=\mathgroup6
LaTeX Font Info:    Overwriting symbol font `stmry' in version `bold'
(Font)                  U/stmry/m/n --> U/stmry/b/n on input line 89.
)
(/nix/store/03k8sid2h9qzpa0ywqxjqgxa31bp6plr-texlive-combined-full-2022-final-t
exmfdist/tex/generic/dirtree/dirtree.sty
Package: dirtree 2012/12/11 v0.32 package wrapper for dirtree

(/nix/store/03k8sid2h9qzpa0ywqxjqgxa31bp6plr-texlive-combined-full-2022-final-t
exmfdist/tex/generic/dirtree/dirtree.tex `dirtree' v0.32, 2012/12/11 (jcc)
\DT@offset=\dimen286
\DT@width=\dimen287
\DT@sep=\dimen288
\DT@all=\dimen289
\DT@rulewidth=\dimen290
\DT@dotwidth=\dimen291
\DTbaselineskip=\dimen292
\DT@counti=\count299
\DT@countii=\count300
\DT@countiii=\count301
\DT@countiv=\count302
\DT@indent=\dimen293
\DT@parskip=\dimen294
\DT@baselineskip=\dimen295
)
File: dirtree.tex 2012/12/11 v0.32 `dirtree' (jcc)
)
(/nix/store/03k8sid2h9qzpa0ywqxjqgxa31bp6plr-texlive-combined-full-2022-final-t
exmfdist/tex/latex/amsmath/amstext.sty
Package: amstext 2021/08/26 v2.01 AMS text

(/nix/store/03k8sid2h9qzpa0ywqxjqgxa31bp6plr-texlive-combined-full-2022-final-t
exmfdist/tex/latex/amsmath/amsgen.sty
File: amsgen.sty 1999/11/30 v2.0 generic functions
\@emptytoks=\toks40
\ex@=\dimen296
))
(/nix/store/03k8sid2h9qzpa0ywqxjqgxa31bp6plr-texlive-combined-full-2022-final-t
exmfdist/tex/latex/polytable/polytable.sty
Package: polytable 2020/07/14 v0.8.6 `polytable' package (Andres Loeh)

(/nix/store/03k8sid2h9qzpa0ywqxjqgxa31bp6plr-texlive-combined-full-2022-final-t
exmfdist/tex/latex/lazylist/lazylist.sty)
(/nix/store/03k8sid2h9qzpa0ywqxjqgxa31bp6plr-texlive-combined-full-2022-final-t
exmfdist/tex/latex/tools/array.sty
Package: array 2022/09/04 v2.5g Tabular extension package (FMi)
\col@sep=\dimen297
\ar@mcellbox=\box68
\extrarowheight=\dimen298
\NC@list=\toks41
\extratabsurround=\skip54
\backup@length=\skip55
\ar@cellbox=\box69
)
\PT@colwidth=\dimen299
\PT@cols=\count303
\PT@table=\count304
\PT@toks=\toks42
\PT@in=\read4
\PT@out=\write4
)
\mathindent=\dimen300
\blanklineskip=\skip56

(/nix/store/03k8sid2h9qzpa0ywqxjqgxa31bp6plr-texlive-combined-full-2022-final-t
exmfdist/tex/latex/tools/calc.sty
Package: calc 2017/05/25 v4.3 Infix arithmetic (KKT,FJ)
\calc@Acount=\count305
\calc@Bcount=\count306
\calc@Adimen=\dimen301
\calc@Bdimen=\dimen302
\calc@Askip=\skip57
\calc@Bskip=\skip58
LaTeX Info: Redefining \setlength on input line 80.
LaTeX Info: Redefining \addtolength on input line 81.
\calc@Ccount=\count307
\calc@Cskip=\skip59
)
\c@Lemma=\count308
\c@Theorem=\count309
\c@Example=\count310

(/nix/store/03k8sid2h9qzpa0ywqxjqgxa31bp6plr-texlive-combined-full-2022-final-t
exmfdist/tex/latex/l3backend/l3backend-pdftex.def
File: l3backend-pdftex.def 2023-01-16 L3 backend support: PDF output (pdfTeX)
\l__color_backend_stack_int=\count311
\l__pdf_internal_box=\box70
) (./prova1.aux)
\openout1 = `prova1.aux'.

LaTeX Font Info:    Checking defaults for OML/cmm/m/it on input line 331.
LaTeX Font Info:    ... okay on input line 331.
LaTeX Font Info:    Checking defaults for OMS/cmsy/m/n on input line 331.
LaTeX Font Info:    ... okay on input line 331.
LaTeX Font Info:    Checking defaults for OT1/cmr/m/n on input line 331.
LaTeX Font Info:    ... okay on input line 331.
LaTeX Font Info:    Checking defaults for T1/cmr/m/n on input line 331.
LaTeX Font Info:    ... okay on input line 331.
LaTeX Font Info:    Checking defaults for TS1/cmr/m/n on input line 331.
LaTeX Font Info:    ... okay on input line 331.
LaTeX Font Info:    Checking defaults for OMX/cmex/m/n on input line 331.
LaTeX Font Info:    ... okay on input line 331.
LaTeX Font Info:    Checking defaults for U/cmr/m/n on input line 331.
LaTeX Font Info:    ... okay on input line 331.
LaTeX Font Info:    Checking defaults for PD1/pdf/m/n on input line 331.
LaTeX Font Info:    ... okay on input line 331.
LaTeX Font Info:    Checking defaults for PU/pdf/m/n on input line 331.
LaTeX Font Info:    ... okay on input line 331.

(/nix/store/03k8sid2h9qzpa0ywqxjqgxa31bp6plr-texlive-combined-full-2022-final-t
exmfdist/tex/context/base/mkii/supp-pdf.mkii
[Loading MPS to PDF converter (version 2006.09.02).]
\scratchcounter=\count312
\scratchdimen=\dimen303
\scratchbox=\box71
\nofMPsegments=\count313
\nofMParguments=\count314
\everyMPshowfont=\toks43
\MPscratchCnt=\count315
\MPscratchDim=\dimen304
\MPnumerator=\count316
\makeMPintoPDFobject=\count317
\everyMPtoPDFconversion=\toks44
)
(/nix/store/03k8sid2h9qzpa0ywqxjqgxa31bp6plr-texlive-combined-full-2022-final-t
exmfdist/tex/latex/epstopdf-pkg/epstopdf-base.sty
Package: epstopdf-base 2020-01-24 v2.11 Base part for package epstopdf
Package epstopdf-base Info: Redefining graphics rule for `.eps' on input line 4
85.

(/nix/store/03k8sid2h9qzpa0ywqxjqgxa31bp6plr-texlive-combined-full-2022-final-t
exmfdist/tex/latex/latexconfig/epstopdf-sys.cfg
File: epstopdf-sys.cfg 2010/07/13 v1.3 Configuration of (r)epstopdf for TeX Liv
e
))
Package hyperref Info: Link coloring OFF on input line 331.
 (./prova1.out) (./prova1.out)
\@outlinefile=\write5
\openout5 = `prova1.out'.

LaTeX Font Info:    Trying to load font information for U+msa on input line 334
.

(/nix/store/03k8sid2h9qzpa0ywqxjqgxa31bp6plr-texlive-combined-full-2022-final-t
exmfdist/tex/latex/amsfonts/umsa.fd
File: umsa.fd 2013/01/14 v3.01 AMS symbols A
)
LaTeX Font Info:    Trying to load font information for U+msb on input line 334
.

(/nix/store/03k8sid2h9qzpa0ywqxjqgxa31bp6plr-texlive-combined-full-2022-final-t
exmfdist/tex/latex/amsfonts/umsb.fd
File: umsb.fd 2013/01/14 v3.01 AMS symbols B
)
LaTeX Font Info:    Trying to load font information for U+stmry on input line 3
34.

(/nix/store/03k8sid2h9qzpa0ywqxjqgxa31bp6plr-texlive-combined-full-2022-final-t
exmfdist/tex/latex/stmaryrd/Ustmry.fd)
Overfull \hbox (33.6948pt too wide) in paragraph at lines 340--342
\T1/cmr/bx/n/10 Nome: [] 
 []


Underfull \hbox (badness 10000) in paragraph at lines 340--342

 []

\openout4 = `prova1.ptb'.

\openout4 = `prova1.ptb'.

\openout4 = `prova1.ptb'.

LaTeX Font Info:    Trying to load font information for T1+cmtt on input line 4
06.

(/nix/store/03k8sid2h9qzpa0ywqxjqgxa31bp6plr-texlive-combined-full-2022-final-t
exmfdist/tex/latex/base/t1cmtt.fd
File: t1cmtt.fd 2022/07/10 v2.5l Standard LaTeX font definitions
)
\openout4 = `prova1.ptb'.

 [1

{/nix/store/3mrhnd5yn6zfbi6qcihcw6f7jhzs6l48-texlive-combined-full-2022-final/s
hare/texmf-var/fonts/map/pdftex/updmap/pdftex.map}]
\openout4 = `prova1.ptb'.

\openout4 = `prova1.ptb'.

\openout4 = `prova1.ptb'.

\openout4 = `prova1.ptb'.


Overfull \hbox (85.00024pt too wide) in paragraph at lines 507--513
 [][] 
 []

\openout4 = `prova1.ptb'.

\openout4 = `prova1.ptb'.


Overfull \hbox (43.80835pt too wide) in paragraph at lines 527--533
 [][] 
 []

[2]
\openout4 = `prova1.ptb'.

\openout4 = `prova1.ptb'.

\openout4 = `prova1.ptb'.

\openout4 = `prova1.ptb'.

\openout4 = `prova1.ptb'.

 [3] (./prova1.aux)
Package rerunfilecheck Info: File `prova1.out' has not changed.
(rerunfilecheck)             Checksum: D41D8CD98F00B204E9800998ECF8427E;0.
 ) 
Here is how much of TeX's memory you used:
 21687 strings out of 476024
 419396 string characters out of 5764067
 1870388 words of memory out of 5000000
 41741 multiletter control sequences out of 15000+600000
 522626 words of font info for 59 fonts, out of 8000000 for 9000
 1141 hyphenation exceptions out of 8191
 84i,6n,89p,423b,601s stack positions out of 10000i,1000n,20000p,200000b,200000s
{/nix/store/03k8sid2h9qzpa0ywqxjqgxa31bp6plr-texlive-combined-full-2022-final
-texmfdist/fonts/enc/dvips/cm-super/cm-super-t1.enc}</nix/store/03k8sid2h9qzpa0
ywqxjqgxa31bp6plr-texlive-combined-full-2022-final-texmfdist/fonts/type1/public
/amsfonts/cm/cmmi10.pfb></nix/store/03k8sid2h9qzpa0ywqxjqgxa31bp6plr-texlive-co
mbined-full-2022-final-texmfdist/fonts/type1/public/amsfonts/cm/cmr10.pfb></nix
/store/03k8sid2h9qzpa0ywqxjqgxa31bp6plr-texlive-combined-full-2022-final-texmfd
ist/fonts/type1/public/amsfonts/cm/cmss10.pfb></nix/store/03k8sid2h9qzpa0ywqxjq
gxa31bp6plr-texlive-combined-full-2022-final-texmfdist/fonts/type1/public/amsfo
nts/cm/cmssbx10.pfb></nix/store/03k8sid2h9qzpa0ywqxjqgxa31bp6plr-texlive-combin
ed-full-2022-final-texmfdist/fonts/type1/public/amsfonts/cm/cmsy10.pfb></nix/st
ore/03k8sid2h9qzpa0ywqxjqgxa31bp6plr-texlive-combined-full-2022-final-texmfdist
/fonts/type1/public/cm-super/sfbx1000.pfb></nix/store/03k8sid2h9qzpa0ywqxjqgxa3
1bp6plr-texlive-combined-full-2022-final-texmfdist/fonts/type1/public/cm-super/
sfbx1440.pfb></nix/store/03k8sid2h9qzpa0ywqxjqgxa31bp6plr-texlive-combined-full
-2022-final-texmfdist/fonts/type1/public/cm-super/sfrm1000.pfb></nix/store/03k8
sid2h9qzpa0ywqxjqgxa31bp6plr-texlive-combined-full-2022-final-texmfdist/fonts/t
ype1/public/cm-super/sfti1000.pfb></nix/store/03k8sid2h9qzpa0ywqxjqgxa31bp6plr-
texlive-combined-full-2022-final-texmfdist/fonts/type1/public/cm-super/sftt1000
.pfb>
Output written on prova1.pdf (3 pages, 154493 bytes).
PDF statistics:
 85 PDF objects out of 1000 (max. 8388607)
 59 compressed objects within 1 object stream
 12 named destinations out of 1000 (max. 500000)
 13 words of extra memory for PDF output out of 10000 (max. 10000000)

